<?xml version="1.0" encoding="UTF-8" ?>
<testsuite tests="1" failures="0" name="AppTest" time="0.008" errors="0" skipped="0">
  <properties>
    <property name="java.runtime.name" value="Java(TM) SE Runtime Environment"/>
    <property name="sun.boot.library.path" value="C:\GO\JAVA\go-eclipse-jee-maven-2020-06\jdk\openjdk1.8.0_221\jre\bin"/>
    <property name="java.vm.version" value="25.221-b11"/>
    <property name="java.vm.vendor" value="Oracle Corporation"/>
    <property name="maven.multiModuleProjectDirectory" value="C:\GO\JAVA\go-eclipse-jee-maven-2020-06\workspace\default\java-jenkins"/>
    <property name="java.vendor.url" value="http://java.oracle.com/"/>
    <property name="path.separator" value=";"/>
    <property name="guice.disable.misplaced.annotation.check" value="true"/>
    <property name="java.vm.name" value="Java HotSpot(TM) 64-Bit Server VM"/>
    <property name="file.encoding.pkg" value="sun.io"/>
    <property name="user.script" value=""/>
    <property name="user.country" value="IN"/>
    <property name="sun.java.launcher" value="SUN_STANDARD"/>
    <property name="sun.os.patch.level" value=""/>
    <property name="java.vm.specification.name" value="Java Virtual Machine Specification"/>
    <property name="user.dir" value="C:\GO\JAVA\go-eclipse-jee-maven-2020-06\workspace\default\java-jenkins"/>
    <property name="java.runtime.version" value="1.8.0_221-b11"/>
    <property name="java.awt.graphicsenv" value="sun.awt.Win32GraphicsEnvironment"/>
    <property name="java.endorsed.dirs" value="C:\GO\JAVA\go-eclipse-jee-maven-2020-06\jdk\openjdk1.8.0_221\jre\lib\endorsed"/>
    <property name="os.arch" value="amd64"/>
    <property name="java.io.tmpdir" value="C:\Users\NIDUBEY\AppData\Local\Temp\"/>
    <property name="line.separator" value="
"/>
    <property name="java.vm.specification.vendor" value="Oracle Corporation"/>
    <property name="user.variant" value=""/>
    <property name="os.name" value="Windows 10"/>
    <property name="classworlds.conf" value="C:\GO\JAVA\go-eclipse-jee-maven-2020-06\workspace\default\.metadata\.plugins\org.eclipse.m2e.launching\launches\m2conf329413304512779802.tmp"/>
    <property name="sun.jnu.encoding" value="Cp1252"/>
    <property name="java.library.path" value="C:\GO\JAVA\go-eclipse-jee-maven-2020-06\jdk\openjdk1.8.0_221\bin;C:\Windows\Sun\Java\bin;C:\Windows\system32;C:\Windows;C:/GO/JAVA/go-eclipse-jee-maven-2020-06/jdk/openjdk1.8.0_221/jre/bin/server;C:/GO/JAVA/go-eclipse-jee-maven-2020-06/jdk/openjdk1.8.0_221/jre/bin;C:/GO/JAVA/go-eclipse-jee-maven-2020-06/jdk/openjdk1.8.0_221/jre/lib/amd64;C:\Python311\Scripts\;C:\Python311\;C:\Program Files\Eclipse Adoptium\jdk-19.0.2.7-hotspot\bin;C:\Windows\system32;C:\Windows;C:\Windows\System32\Wbem;C:\Windows\System32\WindowsPowerShell\v1.0\;C:\Windows\System32\OpenSSH\;C:\Program Files\WindowsPowerShell\Scripts;C:\Program Files\Microsoft VS Code\bin;C:\ProgramData\chocolatey\bin;C:\Program Files\TortoiseSVN\bin;C:\Program Files\Git\cmd;C:\Program Files\NVM;C:\Program Files\nodejs;C:\Program Files\Docker\Docker\resources\bin;C:\Users\NIDUBEY\AppData\Local\Microsoft\WindowsApps;C:\Program Files\nodejs;C:\Program Files\apache-maven-3.9.4\bin;C:\Users\NIDUBEY\AppData\Roaming\npm;C:\Users\NIDUBEY\AppData\Local\MB\go\CTU\;C:\Users\NIDUBEY\AppData\Local\MB\go\WAU\;C:\Users\NIDUBEY\AppData\Local\MB\go\PRU\;C:\Users\NIDUBEY\.nvm\;C:\Users\NIDUBEY\AppData\Local\MB\go\INU\;C:\flutter\bin;C:\Users\NIDUBEY\AppData\Local\Programs\Ollama;C:\Program Files\NVM\v21.0.0;;C:\GO\JAVA\go-eclipse-jee-maven-2020-06\eclipse;;."/>
    <property name="java.specification.name" value="Java Platform API Specification"/>
    <property name="java.class.version" value="52.0"/>
    <property name="sun.management.compiler" value="HotSpot 64-Bit Tiered Compilers"/>
    <property name="os.version" value="10.0"/>
    <property name="user.home" value="C:\Users\NIDUBEY"/>
    <property name="user.timezone" value="Asia/Calcutta"/>
    <property name="java.awt.printerjob" value="sun.awt.windows.WPrinterJob"/>
    <property name="java.specification.version" value="1.8"/>
    <property name="file.encoding" value="UTF-8"/>
    <property name="user.name" value="nidubey"/>
    <property name="java.class.path" value="C:\GO\JAVA\go-eclipse-jee-maven-2020-06\eclipse\plugins\org.eclipse.m2e.maven.runtime_1.16.0.20200610-1735\jars\plexus-classworlds-2.6.0.jar"/>
    <property name="java.vm.specification.version" value="1.8"/>
    <property name="sun.arch.data.model" value="64"/>
    <property name="java.home" value="C:\GO\JAVA\go-eclipse-jee-maven-2020-06\jdk\openjdk1.8.0_221\jre"/>
    <property name="sun.java.command" value="org.codehaus.plexus.classworlds.launcher.Launcher -B clean install"/>
    <property name="java.specification.vendor" value="Oracle Corporation"/>
    <property name="user.language" value="en"/>
    <property name="awt.toolkit" value="sun.awt.windows.WToolkit"/>
    <property name="java.vm.info" value="mixed mode"/>
    <property name="java.version" value="1.8.0_221"/>
    <property name="java.ext.dirs" value="C:\GO\JAVA\go-eclipse-jee-maven-2020-06\jdk\openjdk1.8.0_221\jre\lib\ext;C:\Windows\Sun\Java\lib\ext"/>
    <property name="sun.boot.class.path" value="C:\GO\JAVA\go-eclipse-jee-maven-2020-06\jdk\openjdk1.8.0_221\jre\lib\resources.jar;C:\GO\JAVA\go-eclipse-jee-maven-2020-06\jdk\openjdk1.8.0_221\jre\lib\rt.jar;C:\GO\JAVA\go-eclipse-jee-maven-2020-06\jdk\openjdk1.8.0_221\jre\lib\sunrsasign.jar;C:\GO\JAVA\go-eclipse-jee-maven-2020-06\jdk\openjdk1.8.0_221\jre\lib\jsse.jar;C:\GO\JAVA\go-eclipse-jee-maven-2020-06\jdk\openjdk1.8.0_221\jre\lib\jce.jar;C:\GO\JAVA\go-eclipse-jee-maven-2020-06\jdk\openjdk1.8.0_221\jre\lib\charsets.jar;C:\GO\JAVA\go-eclipse-jee-maven-2020-06\jdk\openjdk1.8.0_221\jre\lib\jfr.jar;C:\GO\JAVA\go-eclipse-jee-maven-2020-06\jdk\openjdk1.8.0_221\jre\classes"/>
    <property name="java.vendor" value="Oracle Corporation"/>
    <property name="maven.home" value="C:\GO\JAVA\go-eclipse-jee-maven-2020-06\workspace\default\java-jenkins\EMBEDDED"/>
    <property name="file.separator" value="\"/>
    <property name="java.vendor.url.bug" value="http://bugreport.sun.com/bugreport/"/>
    <property name="sun.cpu.endian" value="little"/>
    <property name="sun.io.unicode.encoding" value="UnicodeLittle"/>
    <property name="sun.desktop" value="windows"/>
    <property name="sun.cpu.isalist" value="amd64"/>
  </properties>
  <testcase classname="AppTest" name="TestMethod" time="0.008"/>
</testsuite>